Time slot   0
ld_routine
	Loaded a process at input/proc/p0s, PID: 1 PRIO: 0
Time slot   1
	CPU 1: Dispatched process  1
Time slot   2
liballoc:178
print_pgtbl:
 PDG=b42fb220b390e710 P4g=b42fb220b390e720 PUD=b42fb220b390e730 PMD=b42fb220b390e740
	Loaded a process at input/proc/p1s, PID: 2 PRIO: 15
Time slot   3
liballoc:178
print_pgtbl:
 PDG=b42fb220b390e710 P4g=b42fb220b390e720 PUD=b42fb220b390e730 PMD=b42fb220b390e740
	CPU 0: Dispatched process  2
Time slot   4
libfree:218
print_pgtbl:
 PDG=b42fb220b390e710 P4g=b42fb220b390e720 PUD=b42fb220b390e730 PMD=b42fb220b390e740
	Loaded a process at input/proc/p1s, PID: 3 PRIO: 0
Time slot   5
liballoc:178
print_pgtbl:
 PDG=b42fb220b390e710 P4g=b42fb220b390e720 PUD=b42fb220b390e730 PMD=b42fb220b390e740
Time slot   6
libwrite:502
print_pgtbl:
 PDG=b42fb220b390e710 P4g=b42fb220b390e720 PUD=b42fb220b390e730 PMD=b42fb220b390e740
	Loaded a process at input/proc/p1s, PID: 4 PRIO: 0
Time slot   7
	CPU 1: Put process  1 to run queue
	CPU 1: Dispatched process  3
Time slot   8
Time slot   9
	CPU 0: Put process  2 to run queue
	CPU 0: Dispatched process  4
Time slot  10
Time slot  11
Time slot  12
Time slot  13
	CPU 1: Put process  3 to run queue
	CPU 1: Dispatched process  1
libread:426
print_pgtbl:
 PDG=b42fb220b390e710 P4g=b42fb220b390e720 PUD=b42fb220b390e730 PMD=b42fb220b390e740
libwrite:502
print_pgtbl:
 PDG=b42fb220b390e710 P4g=b42fb220b390e720 PUD=b42fb220b390e730 PMD=b42fb220b390e740
Time slot  14
Time slot  15
libread:426
print_pgtbl:
 PDG=b42fb220b390e710 P4g=b42fb220b390e720 PUD=b42fb220b390e730 PMD=b42fb220b390e740
	CPU 0: Put process  4 to run queue
	CPU 0: Dispatched process  3
Time slot  16
libwrite:502
print_pgtbl:
 PDG=b42fb220b390e710 P4g=b42fb220b390e720 PUD=b42fb220b390e730 PMD=b42fb220b390e740
Time slot  17
libread:426
print_pgtbl:
 PDG=b42fb220b390e710 P4g=b42fb220b390e720 PUD=b42fb220b390e730 PMD=b42fb220b390e740
Time slot  18
Time slot  19
	CPU 1: Put process  1 to run queue
	CPU 1: Dispatched process  4
	CPU 0: Processed  3 has finished
	CPU 0: Dispatched process  1
libfree:218
print_pgtbl:
 PDG=b42fb220b390e710 P4g=b42fb220b390e720 PUD=b42fb220b390e730 PMD=b42fb220b390e740
Time slot  20
Time slot  21
	CPU 0: Processed  1 has finished
	CPU 0: Dispatched process  2
Time slot  22
Time slot  23
	CPU 1: Processed  4 has finished
	CPU 1 stopped
Time slot  24
Time slot  25
	CPU 0: Processed  2 has finished
	CPU 0 stopped
